<?xml version="1.0" encoding="UTF-8"?>
<!-- Generated by org.testng.reporters.JUnitReportReporter -->
<testsuite hostname="Bharaths-MacBook-Air.local" failures="0" tests="1" name="UserManagement.UMLogin" time="31.047" errors="0" timestamp="2022-09-21T10:09:44 IST" skipped="0">
  <testcase classname="UserManagement.UMLogin" name="LoginWithoutCheckbox" time="31.047"/>
  <system-out/>
</testsuite> <!-- UserManagement.UMLogin -->
