<?xml version="1.0" encoding="UTF-8"?>
<!-- Generated by org.testng.reporters.JUnitReportReporter -->
<testsuite hostname="Bharaths-MacBook-Air.local" failures="0" tests="1" name="UserManagement.UMRegistration" time="46.449" errors="0" timestamp="2022-09-20T12:55:39 IST" skipped="0">
  <testcase classname="UserManagement.UMRegistration" name="RegistrationWithValidDetails" time="46.449"/>
  <system-out/>
</testsuite> <!-- UserManagement.UMRegistration -->
