<?xml version="1.0" encoding="UTF-8"?>
<!-- Generated by org.testng.reporters.JUnitReportReporter -->
<testsuite hostname="Bharaths-MacBook-Air.local" failures="0" tests="1" name="UserManagement.AppLaunch" time="21.120" errors="0" timestamp="2022-09-20T11:01:09 IST" skipped="0">
  <testcase classname="UserManagement.AppLaunch" name="Run" time="21.120"/>
  <system-out/>
</testsuite> <!-- UserManagement.AppLaunch -->
